<?xml version="1.0" encoding="UTF-8"?>
<!-- Generated by org.testng.reporters.JUnitReportReporter -->
<testsuite hostname="DESKTOP-TQN180S" failures="0" tests="1" name="com.CRM.TestCase.LoginPageTestCase" time="1.234" errors="0" timestamp="2025-02-15T14:37:34 IST" skipped="0">
  <testcase classname="com.CRM.TestCase.LoginPageTestCase" name="validateLogin" time="1.234"/>
</testsuite> <!-- com.CRM.TestCase.LoginPageTestCase -->
