<?xml version="1.0" encoding="UTF-8"?>
<!-- Generated by org.testng.reporters.JUnitReportReporter -->
<testsuite hostname="DESKTOP-TQN180S" failures="0" tests="3" name="com.CRM.TestCase.HomePageTestCase" time="0.770" errors="0" timestamp="2025-02-15T14:37:34 IST" skipped="0">
  <testcase classname="com.CRM.TestCase.HomePageTestCase" name="verifyURL" time="0.045"/>
  <testcase classname="com.CRM.TestCase.HomePageTestCase" name="verifyTitle" time="0.032"/>
  <testcase classname="com.CRM.TestCase.HomePageTestCase" name="verifySignInLink" time="0.693"/>
</testsuite> <!-- com.CRM.TestCase.HomePageTestCase -->
