<?xml version="1.0" encoding="UTF-8"?>
<!-- Generated by org.testng.reporters.JUnitReportReporter -->
<testsuite hostname="DESKTOP-TQN180S" failures="0" tests="3" name="com.CRM.TestCase.HomePageTestCase" time="1.265" errors="0" timestamp="2025-03-03T15:41:35 IST" skipped="0">
  <testcase classname="com.CRM.TestCase.HomePageTestCase" name="verifyURL" time="0.040"/>
  <testcase classname="com.CRM.TestCase.HomePageTestCase" name="verifyTitle" time="0.018"/>
  <testcase classname="com.CRM.TestCase.HomePageTestCase" name="verifySignInLink" time="1.207"/>
</testsuite> <!-- com.CRM.TestCase.HomePageTestCase -->
