<?xml version="1.0" encoding="UTF-8"?>
<!-- Generated by org.testng.reporters.JUnitReportReporter -->
<testsuite hostname="DESKTOP-TQN180S" failures="0" tests="3" name="com.CRM.TestCase.HomePageTestCase" time="1.920" errors="0" timestamp="2025-02-21T21:39:14 IST" skipped="0">
  <testcase classname="com.CRM.TestCase.HomePageTestCase" name="verifyURL" time="0.028"/>
  <testcase classname="com.CRM.TestCase.HomePageTestCase" name="verifyTitle" time="0.016"/>
  <testcase classname="com.CRM.TestCase.HomePageTestCase" name="verifySignInLink" time="1.876"/>
</testsuite> <!-- com.CRM.TestCase.HomePageTestCase -->
