<?xml version="1.0" encoding="UTF-8"?>
<!-- Generated by org.testng.reporters.JUnitReportReporter -->
<testsuite hostname="DESKTOP-TQN180S" failures="0" tests="1" name="com.CRM.TestCase.LoginPageTestCase" time="12.139" errors="0" timestamp="2025-02-21T21:39:14 IST" skipped="0">
  <testcase classname="com.CRM.TestCase.LoginPageTestCase" name="validateLogin" time="12.139"/>
</testsuite> <!-- com.CRM.TestCase.LoginPageTestCase -->
